2023-07-20 12:26:42,599 - elsapy.elsentity - INFO - Module loaded.
2023-07-20 12:26:42,602 - elsapy.elsdoc - INFO - Module loaded.
2023-07-20 12:27:20,593 - elsapy.elsclient - INFO - Module loaded.
2023-07-20 12:27:21,594 - elsapy.elsclient - INFO - Sending GET request to https://api.elsevier.com/content/article/doi/10.1016/j.biopsych.2004.10.014
2023-07-20 12:27:22,338 - elsapy.elsentity - INFO - Data loaded for https://api.elsevier.com/content/article/doi/10.1016/j.biopsych.2004.10.014
2023-07-20 12:27:22,341 - elsapy.elsentity - INFO - Wrote https://api.elsevier.com/content/article/doi/10.1016/j.biopsych.2004.10.014 to file
2023-07-20 12:31:05,011 - elsapy.elsclient - INFO - Sending GET request to https://api.elsevier.com/content/article/doi/10.1016/j.biopsych.2004.10.014
2023-07-20 12:31:06,381 - elsapy.elsentity - INFO - Data loaded for https://api.elsevier.com/content/article/doi/10.1016/j.biopsych.2004.10.014
2023-07-20 12:31:06,384 - elsapy.elsentity - INFO - Wrote https://api.elsevier.com/content/article/doi/10.1016/j.biopsych.2004.10.014 to file
2023-07-20 12:31:24,309 - elsapy.elsclient - INFO - Sending GET request to https://api.elsevier.com/content/article/doi/10.1016/j.biopsych.2004.10.014
2023-07-20 12:31:24,855 - elsapy.elsentity - INFO - Data loaded for https://api.elsevier.com/content/article/doi/10.1016/j.biopsych.2004.10.014
2023-07-20 12:31:54,825 - elsapy.elsclient - INFO - Sending GET request to https://api.elsevier.com/content/article/doi/10.1016/j.biopsych.2004.10.014
2023-07-20 12:31:55,376 - elsapy.elsentity - INFO - Data loaded for https://api.elsevier.com/content/article/doi/10.1016/j.biopsych.2004.10.014
2023-07-20 12:32:12,932 - elsapy.elsclient - INFO - Sending GET request to https://api.elsevier.com/content/article/doi/10.1016/j.biopsych.2004.10.014
2023-07-20 12:32:13,557 - elsapy.elsentity - INFO - Data loaded for https://api.elsevier.com/content/article/doi/10.1016/j.biopsych.2004.10.014
2023-07-20 15:13:14,370 - elsapy.elsentity - INFO - Module loaded.
2023-07-20 15:13:14,371 - elsapy.elsdoc - INFO - Module loaded.
2023-07-20 15:13:14,372 - elsapy.elsclient - INFO - Module loaded.
2023-07-20 15:47:03,435 - elsapy.elsentity - INFO - Module loaded.
2023-07-20 15:47:03,439 - elsapy.elsdoc - INFO - Module loaded.
2023-07-20 15:47:03,441 - elsapy.elsclient - INFO - Module loaded.
